<?xml version="1.0" encoding="UTF-8"?>
<!-- Generated by org.testng.reporters.JUnitReportReporter -->
<testsuite skipped="0" hostname="DESKTOP-79QFOE9" name="TestCases.LoginTest" tests="1" failures="0" timestamp="13 Nov 2020 12:21:53 GMT" time="1.061" errors="0">
  <testcase name="login" time="1.061" classname="TestCases.LoginTest"/>
</testsuite> <!-- TestCases.LoginTest -->
